<?xml version="1.0" encoding="UTF-8"?>
<testsuite xmlns:xsi="http://www.w3.org/2001/XMLSchema-instance" xsi:noNamespaceSchemaLocation="https://maven.apache.org/surefire/maven-surefire-plugin/xsd/surefire-test-report-3.0.xsd" version="3.0" name="com.mycompany.assignment2.RestaurantTest" time="0.042" tests="15" errors="0" skipped="0" failures="0">
  <properties>
[...]
</properties>
  <testcase name="testGetRecipeDetail" classname="com.mycompany.assignment2.RestaurantTest" time="0.017"/>
  <testcase name="testPrepareRecipe" classname="com.mycompany.assignment2.RestaurantTest" time="0.002">
    <system-out><![CDATA[Recipe prepared successfully yay!: 
Name: Chicken Soup, Cuisine: Hungarian, Cooking Time: 20 mins
Ingredients:>.< Chicken, Garlic
]]></system-out>
  </testcase>
  <testcase name="testPrepareRecipeNotEnoughtIngredient" classname="com.mycompany.assignment2.RestaurantTest" time="0.001">
    <system-out><![CDATA[Missing ingredient: Garlic
Can't prepare'Chicken Soup
]]></system-out>
  </testcase>
  <testcase name="testAddStock" classname="com.mycompany.assignment2.RestaurantTest" time="0.001"/>
  <testcase name="testBuySome" classname="com.mycompany.assignment2.RestaurantTest" time="0.001"/>
  <testcase name="testSearchByCuisine" classname="com.mycompany.assignment2.RestaurantTest" time="0.001"/>
  <testcase name="testRemoveRecipe" classname="com.mycompany.assignment2.RestaurantTest" time="0.001"/>
  <testcase name="testReduceStock" classname="com.mycompany.assignment2.RestaurantTest" time="0"/>
  <testcase name="testMostPopularIngredient" classname="com.mycompany.assignment2.RestaurantTest" time="0.001"/>
  <testcase name="testAddRecipe" classname="com.mycompany.assignment2.RestaurantTest" time="0.001"/>
  <testcase name="testSearchByName" classname="com.mycompany.assignment2.RestaurantTest" time="0.001"/>
  <testcase name="testMostPopularCategory" classname="com.mycompany.assignment2.RestaurantTest" time="0"/>
  <testcase name="testSearchByIngredient" classname="com.mycompany.assignment2.RestaurantTest" time="0"/>
  <testcase name="testBuyAll" classname="com.mycompany.assignment2.RestaurantTest" time="0.001"/>
  <testcase name="testIsavailable" classname="com.mycompany.assignment2.RestaurantTest" time="0"/>
</testsuite>